info: App started... {"timestamp":"2023-05-31 19:06:02"}
info: Task running every 30 minutes {"timestamp":"2023-05-31 19:10:00"}
info: Autom@te202342 {"timestamp":"2023-05-31 19:10:00"}
info: http://10.8.176.115:7002 {"timestamp":"2023-05-31 19:10:00"}
info: automatedw {"timestamp":"2023-05-31 19:10:00"}
info: AWA {"timestamp":"2023-05-31 19:10:00"}
info: 2 {"timestamp":"2023-05-31 19:10:00"}
error: Decryption failed. Error: {"timestamp":"2023-05-31 19:10:00"}
error: Decryption failed. Error: {"timestamp":"2023-05-31 19:10:00"}
info: ACDC list:  {"timestamp":"2023-05-31 19:10:00"}
info: LDC list:  {"timestamp":"2023-05-31 19:10:00"}
info: Autom@te2023 {"timestamp":"2023-05-31 19:10:00"}
info: http://10.8.176.115:7001 {"timestamp":"2023-05-31 19:10:00"}
info: automate {"timestamp":"2023-05-31 19:10:00"}
info: AWA2 {"timestamp":"2023-05-31 19:10:00"}
info: 2 {"timestamp":"2023-05-31 19:10:00"}
error: Decryption failed. Error: {"timestamp":"2023-05-31 19:10:00"}
error: Decryption failed. Error: {"timestamp":"2023-05-31 19:10:00"}
info: ACDC list:  {"timestamp":"2023-05-31 19:10:01"}
info: LDC list:  {"timestamp":"2023-05-31 19:10:01"}
info: sAS {"timestamp":"2023-05-31 19:10:01"}
info: http://10.8.176.115:7001 {"timestamp":"2023-05-31 19:10:01"}
info: aS {"timestamp":"2023-05-31 19:10:01"}
info: asaSa {"timestamp":"2023-05-31 19:10:01"}
info: 3 {"timestamp":"2023-05-31 19:10:01"}
error: Decryption failed. Error: {"timestamp":"2023-05-31 19:10:01"}
error: Decryption failed. Error: {"timestamp":"2023-05-31 19:10:01"}
info: ACDC list:  {"timestamp":"2023-05-31 19:10:01"}
info: LDC list:  {"timestamp":"2023-05-31 19:10:01"}
info: simon {"timestamp":"2023-05-31 19:10:01"}
info: http://10.8.176.115:7001 {"timestamp":"2023-05-31 19:10:01"}
info: simon {"timestamp":"2023-05-31 19:10:01"}
info: ONPREM {"timestamp":"2023-05-31 19:10:01"}
info: 3 {"timestamp":"2023-05-31 19:10:01"}
error: Decryption failed. Error: {"timestamp":"2023-05-31 19:10:01"}
error: Decryption failed. Error: {"timestamp":"2023-05-31 19:10:01"}
info: ACDC list:  {"timestamp":"2023-05-31 19:10:01"}
info: LDC list:  {"timestamp":"2023-05-31 19:10:02"}
info: simon {"timestamp":"2023-05-31 19:10:02"}
info: http://10.8.137.228:7001 {"timestamp":"2023-05-31 19:10:02"}
info: sadusei {"timestamp":"2023-05-31 19:10:02"}
info: MYACDC {"timestamp":"2023-05-31 19:10:02"}
info: 6 {"timestamp":"2023-05-31 19:10:02"}
error: Decryption failed. Error: {"timestamp":"2023-05-31 19:10:02"}
error: Decryption failed. Error: {"timestamp":"2023-05-31 19:10:02"}
info: ACDC list:  {"timestamp":"2023-05-31 19:10:02"}
info: LDC list:  {"timestamp":"2023-05-31 19:10:02"}
info: simon {"timestamp":"2023-05-31 19:10:02"}
info: http://10.8.176.115:7001 {"timestamp":"2023-05-31 19:10:02"}
info: sadusei {"timestamp":"2023-05-31 19:10:02"}
info: dad {"timestamp":"2023-05-31 19:10:02"}
info: 2 {"timestamp":"2023-05-31 19:10:02"}
error: Decryption failed. Error: {"timestamp":"2023-05-31 19:10:02"}
error: Decryption failed. Error: {"timestamp":"2023-05-31 19:10:02"}
info: ACDC list:  {"timestamp":"2023-05-31 19:10:02"}
info: LDC list:  {"timestamp":"2023-05-31 19:10:02"}
info: simon {"timestamp":"2023-05-31 19:10:02"}
info: http://123:455 {"timestamp":"2023-05-31 19:10:02"}
info: sadusei {"timestamp":"2023-05-31 19:10:02"}
info: sdffdsfs {"timestamp":"2023-05-31 19:10:02"}
info: 6 {"timestamp":"2023-05-31 19:10:02"}
error: Decryption failed. Error: {"timestamp":"2023-05-31 19:10:02"}
error: Decryption failed. Error: {"timestamp":"2023-05-31 19:10:02"}
info: ACDC list:  {"timestamp":"2023-05-31 19:10:02"}
info: LDC list:  {"timestamp":"2023-05-31 19:10:02"}
info: simon {"timestamp":"2023-05-31 19:10:02"}
info: http://12312:31312 {"timestamp":"2023-05-31 19:10:02"}
info: sadusei {"timestamp":"2023-05-31 19:10:02"}
info: mywewd {"timestamp":"2023-05-31 19:10:02"}
info: 3 {"timestamp":"2023-05-31 19:10:02"}
error: Decryption failed. Error: {"timestamp":"2023-05-31 19:10:02"}
error: Decryption failed. Error: {"timestamp":"2023-05-31 19:10:02"}
info: ACDC list:  {"timestamp":"2023-05-31 19:10:02"}
info: LDC list:  {"timestamp":"2023-05-31 19:10:02"}
info: simon {"timestamp":"2023-05-31 19:10:02"}
info: http://wqw:wq {"timestamp":"2023-05-31 19:10:02"}
info: sadusei {"timestamp":"2023-05-31 19:10:02"}
info: SAasdasdaasW {"timestamp":"2023-05-31 19:10:02"}
info: 3 {"timestamp":"2023-05-31 19:10:02"}
error: Decryption failed. Error: {"timestamp":"2023-05-31 19:10:02"}
error: Decryption failed. Error: {"timestamp":"2023-05-31 19:10:02"}
info: ACDC list:  {"timestamp":"2023-05-31 19:10:04"}
info: LDC list:  {"timestamp":"2023-05-31 19:10:05"}
info: simon {"timestamp":"2023-05-31 19:10:05"}
info: http://qwe:qweq {"timestamp":"2023-05-31 19:10:05"}
info: sadusei {"timestamp":"2023-05-31 19:10:05"}
info: sadasd {"timestamp":"2023-05-31 19:10:05"}
info: 3 {"timestamp":"2023-05-31 19:10:05"}
error: Decryption failed. Error: {"timestamp":"2023-05-31 19:10:05"}
error: Decryption failed. Error: {"timestamp":"2023-05-31 19:10:05"}
info: ACDC list:  {"timestamp":"2023-05-31 19:10:05"}
info: LDC list:  {"timestamp":"2023-05-31 19:10:06"}
info: U2FsdGVkX1/7oLZ+FU0kf4q27HaEf9eKAfHnArDnvS0= {"timestamp":"2023-05-31 19:10:06"}
info: http://10.8.176.115:7002 {"timestamp":"2023-05-31 19:10:06"}
info: sadusei {"timestamp":"2023-05-31 19:10:06"}
info: asdasdfrew {"timestamp":"2023-05-31 19:10:06"}
info: 3 {"timestamp":"2023-05-31 19:10:06"}
info: Decryption successful. Decrypted data: {"timestamp":"2023-05-31 19:10:06"}
info: Decryption successful. Decrypted data: {"timestamp":"2023-05-31 19:10:06"}
info: ACDC list:  {"timestamp":"2023-05-31 19:10:06"}
info: LDC list:  {"timestamp":"2023-05-31 19:10:07"}
info: Task running every 30 minutes {"timestamp":"2023-05-31 19:15:00"}
info: Autom@te202342 {"timestamp":"2023-05-31 19:15:00"}
info: http://10.8.176.115:7002 {"timestamp":"2023-05-31 19:15:00"}
info: automatedw {"timestamp":"2023-05-31 19:15:00"}
info: AWA {"timestamp":"2023-05-31 19:15:00"}
info: 2 {"timestamp":"2023-05-31 19:15:00"}
error: Decryption failed. Error: {"timestamp":"2023-05-31 19:15:00"}
error: Decryption failed. Error: {"timestamp":"2023-05-31 19:15:00"}
info: ACDC list:  {"timestamp":"2023-05-31 19:15:01"}
info: LDC list:  {"timestamp":"2023-05-31 19:15:01"}
info: Autom@te2023 {"timestamp":"2023-05-31 19:15:01"}
info: http://10.8.176.115:7001 {"timestamp":"2023-05-31 19:15:01"}
info: automate {"timestamp":"2023-05-31 19:15:01"}
info: AWA2 {"timestamp":"2023-05-31 19:15:01"}
info: 2 {"timestamp":"2023-05-31 19:15:01"}
error: Decryption failed. Error: {"timestamp":"2023-05-31 19:15:01"}
error: Decryption failed. Error: {"timestamp":"2023-05-31 19:15:01"}
info: ACDC list:  {"timestamp":"2023-05-31 19:15:01"}
info: LDC list:  {"timestamp":"2023-05-31 19:15:01"}
info: sAS {"timestamp":"2023-05-31 19:15:01"}
info: http://10.8.176.115:7001 {"timestamp":"2023-05-31 19:15:01"}
info: aS {"timestamp":"2023-05-31 19:15:01"}
info: asaSa {"timestamp":"2023-05-31 19:15:01"}
info: 3 {"timestamp":"2023-05-31 19:15:01"}
error: Decryption failed. Error: {"timestamp":"2023-05-31 19:15:01"}
error: Decryption failed. Error: {"timestamp":"2023-05-31 19:15:01"}
info: ACDC list:  {"timestamp":"2023-05-31 19:15:01"}
info: LDC list:  {"timestamp":"2023-05-31 19:15:01"}
info: simon {"timestamp":"2023-05-31 19:15:01"}
info: http://10.8.176.115:7001 {"timestamp":"2023-05-31 19:15:01"}
info: simon {"timestamp":"2023-05-31 19:15:01"}
info: ONPREM {"timestamp":"2023-05-31 19:15:01"}
info: 3 {"timestamp":"2023-05-31 19:15:01"}
error: Decryption failed. Error: {"timestamp":"2023-05-31 19:15:01"}
error: Decryption failed. Error: {"timestamp":"2023-05-31 19:15:01"}
info: ACDC list:  {"timestamp":"2023-05-31 19:15:02"}
info: LDC list:  {"timestamp":"2023-05-31 19:15:02"}
info: simon {"timestamp":"2023-05-31 19:15:02"}
info: http://10.8.137.228:7001 {"timestamp":"2023-05-31 19:15:02"}
info: sadusei {"timestamp":"2023-05-31 19:15:02"}
info: MYACDC {"timestamp":"2023-05-31 19:15:02"}
info: 6 {"timestamp":"2023-05-31 19:15:02"}
error: Decryption failed. Error: {"timestamp":"2023-05-31 19:15:02"}
error: Decryption failed. Error: {"timestamp":"2023-05-31 19:15:02"}
info: ACDC list:  {"timestamp":"2023-05-31 19:15:02"}
info: LDC list:  {"timestamp":"2023-05-31 19:15:02"}
info: simon {"timestamp":"2023-05-31 19:15:02"}
info: http://10.8.176.115:7001 {"timestamp":"2023-05-31 19:15:02"}
info: sadusei {"timestamp":"2023-05-31 19:15:02"}
info: dad {"timestamp":"2023-05-31 19:15:02"}
info: 2 {"timestamp":"2023-05-31 19:15:02"}
error: Decryption failed. Error: {"timestamp":"2023-05-31 19:15:02"}
error: Decryption failed. Error: {"timestamp":"2023-05-31 19:15:02"}
info: ACDC list:  {"timestamp":"2023-05-31 19:15:02"}
info: LDC list:  {"timestamp":"2023-05-31 19:15:02"}
info: simon {"timestamp":"2023-05-31 19:15:02"}
info: http://123:455 {"timestamp":"2023-05-31 19:15:02"}
info: sadusei {"timestamp":"2023-05-31 19:15:02"}
info: sdffdsfs {"timestamp":"2023-05-31 19:15:02"}
info: 6 {"timestamp":"2023-05-31 19:15:02"}
error: Decryption failed. Error: {"timestamp":"2023-05-31 19:15:02"}
error: Decryption failed. Error: {"timestamp":"2023-05-31 19:15:02"}
info: ACDC list:  {"timestamp":"2023-05-31 19:15:02"}
info: LDC list:  {"timestamp":"2023-05-31 19:15:02"}
info: simon {"timestamp":"2023-05-31 19:15:02"}
info: http://12312:31312 {"timestamp":"2023-05-31 19:15:02"}
info: sadusei {"timestamp":"2023-05-31 19:15:02"}
info: mywewd {"timestamp":"2023-05-31 19:15:02"}
info: 3 {"timestamp":"2023-05-31 19:15:02"}
error: Decryption failed. Error: {"timestamp":"2023-05-31 19:15:03"}
error: Decryption failed. Error: {"timestamp":"2023-05-31 19:15:03"}
info: ACDC list:  {"timestamp":"2023-05-31 19:15:03"}
info: LDC list:  {"timestamp":"2023-05-31 19:15:03"}
info: simon {"timestamp":"2023-05-31 19:15:03"}
info: http://wqw:wq {"timestamp":"2023-05-31 19:15:03"}
info: sadusei {"timestamp":"2023-05-31 19:15:03"}
info: SAasdasdaasW {"timestamp":"2023-05-31 19:15:03"}
info: 3 {"timestamp":"2023-05-31 19:15:03"}
error: Decryption failed. Error: {"timestamp":"2023-05-31 19:15:03"}
error: Decryption failed. Error: {"timestamp":"2023-05-31 19:15:03"}
info: ACDC list:  {"timestamp":"2023-05-31 19:15:03"}
info: LDC list:  {"timestamp":"2023-05-31 19:15:03"}
info: simon {"timestamp":"2023-05-31 19:15:03"}
info: http://qwe:qweq {"timestamp":"2023-05-31 19:15:03"}
info: sadusei {"timestamp":"2023-05-31 19:15:03"}
info: sadasd {"timestamp":"2023-05-31 19:15:03"}
info: 3 {"timestamp":"2023-05-31 19:15:03"}
error: Decryption failed. Error: {"timestamp":"2023-05-31 19:15:03"}
error: Decryption failed. Error: {"timestamp":"2023-05-31 19:15:03"}
info: ACDC list:  {"timestamp":"2023-05-31 19:15:03"}
info: LDC list:  {"timestamp":"2023-05-31 19:15:03"}
info: U2FsdGVkX1/7oLZ+FU0kf4q27HaEf9eKAfHnArDnvS0= {"timestamp":"2023-05-31 19:15:03"}
info: http://10.8.176.115:7002 {"timestamp":"2023-05-31 19:15:03"}
info: sadusei {"timestamp":"2023-05-31 19:15:03"}
info: asdasdfrew {"timestamp":"2023-05-31 19:15:03"}
info: 3 {"timestamp":"2023-05-31 19:15:03"}
info: Decryption successful. Decrypted data: {"timestamp":"2023-05-31 19:15:03"}
info: Decryption successful. Decrypted data: {"timestamp":"2023-05-31 19:15:03"}
info: ACDC list:  {"timestamp":"2023-05-31 19:15:03"}
info: LDC list:  {"timestamp":"2023-05-31 19:15:03"}
info: Task running every 30 minutes {"timestamp":"2023-05-31 19:20:00"}
info: Autom@te202342 {"timestamp":"2023-05-31 19:20:00"}
info: http://10.8.176.115:7002 {"timestamp":"2023-05-31 19:20:00"}
info: automatedw {"timestamp":"2023-05-31 19:20:00"}
info: AWA {"timestamp":"2023-05-31 19:20:00"}
info: 2 {"timestamp":"2023-05-31 19:20:00"}
error: Decryption failed. Error: {"timestamp":"2023-05-31 19:20:00"}
error: Decryption failed. Error: {"timestamp":"2023-05-31 19:20:00"}
info: ACDC list:  {"timestamp":"2023-05-31 19:20:00"}
info: LDC list:  {"timestamp":"2023-05-31 19:20:00"}
info: Autom@te2023 {"timestamp":"2023-05-31 19:20:00"}
info: http://10.8.176.115:7001 {"timestamp":"2023-05-31 19:20:00"}
info: automate {"timestamp":"2023-05-31 19:20:00"}
info: AWA2 {"timestamp":"2023-05-31 19:20:00"}
info: 2 {"timestamp":"2023-05-31 19:20:00"}
error: Decryption failed. Error: {"timestamp":"2023-05-31 19:20:00"}
error: Decryption failed. Error: {"timestamp":"2023-05-31 19:20:00"}
info: ACDC list:  {"timestamp":"2023-05-31 19:20:00"}
info: LDC list:  {"timestamp":"2023-05-31 19:20:00"}
info: sAS {"timestamp":"2023-05-31 19:20:00"}
info: http://10.8.176.115:7001 {"timestamp":"2023-05-31 19:20:00"}
info: aS {"timestamp":"2023-05-31 19:20:00"}
info: asaSa {"timestamp":"2023-05-31 19:20:00"}
info: 3 {"timestamp":"2023-05-31 19:20:00"}
error: Decryption failed. Error: {"timestamp":"2023-05-31 19:20:00"}
error: Decryption failed. Error: {"timestamp":"2023-05-31 19:20:00"}
info: ACDC list:  {"timestamp":"2023-05-31 19:20:01"}
info: LDC list:  {"timestamp":"2023-05-31 19:20:01"}
info: simon {"timestamp":"2023-05-31 19:20:01"}
info: http://10.8.176.115:7001 {"timestamp":"2023-05-31 19:20:01"}
info: simon {"timestamp":"2023-05-31 19:20:01"}
info: ONPREM {"timestamp":"2023-05-31 19:20:01"}
info: 3 {"timestamp":"2023-05-31 19:20:01"}
error: Decryption failed. Error: {"timestamp":"2023-05-31 19:20:01"}
error: Decryption failed. Error: {"timestamp":"2023-05-31 19:20:01"}
info: ACDC list:  {"timestamp":"2023-05-31 19:20:01"}
info: LDC list:  {"timestamp":"2023-05-31 19:20:01"}
info: simon {"timestamp":"2023-05-31 19:20:01"}
info: http://10.8.137.228:7001 {"timestamp":"2023-05-31 19:20:01"}
info: sadusei {"timestamp":"2023-05-31 19:20:01"}
info: MYACDC {"timestamp":"2023-05-31 19:20:01"}
info: 6 {"timestamp":"2023-05-31 19:20:01"}
error: Decryption failed. Error: {"timestamp":"2023-05-31 19:20:01"}
error: Decryption failed. Error: {"timestamp":"2023-05-31 19:20:01"}
info: ACDC list:  {"timestamp":"2023-05-31 19:20:01"}
info: LDC list:  {"timestamp":"2023-05-31 19:20:01"}
info: simon {"timestamp":"2023-05-31 19:20:01"}
info: http://10.8.176.115:7001 {"timestamp":"2023-05-31 19:20:01"}
info: sadusei {"timestamp":"2023-05-31 19:20:01"}
info: dad {"timestamp":"2023-05-31 19:20:01"}
info: 2 {"timestamp":"2023-05-31 19:20:01"}
error: Decryption failed. Error: {"timestamp":"2023-05-31 19:20:01"}
error: Decryption failed. Error: {"timestamp":"2023-05-31 19:20:01"}
info: ACDC list:  {"timestamp":"2023-05-31 19:20:02"}
info: LDC list:  {"timestamp":"2023-05-31 19:20:02"}
info: simon {"timestamp":"2023-05-31 19:20:02"}
info: http://123:455 {"timestamp":"2023-05-31 19:20:02"}
info: sadusei {"timestamp":"2023-05-31 19:20:02"}
info: sdffdsfs {"timestamp":"2023-05-31 19:20:02"}
info: 6 {"timestamp":"2023-05-31 19:20:02"}
error: Decryption failed. Error: {"timestamp":"2023-05-31 19:20:02"}
error: Decryption failed. Error: {"timestamp":"2023-05-31 19:20:02"}
info: ACDC list:  {"timestamp":"2023-05-31 19:20:02"}
info: LDC list:  {"timestamp":"2023-05-31 19:20:02"}
info: simon {"timestamp":"2023-05-31 19:20:02"}
info: http://12312:31312 {"timestamp":"2023-05-31 19:20:02"}
info: sadusei {"timestamp":"2023-05-31 19:20:02"}
info: mywewd {"timestamp":"2023-05-31 19:20:02"}
info: 3 {"timestamp":"2023-05-31 19:20:02"}
error: Decryption failed. Error: {"timestamp":"2023-05-31 19:20:02"}
error: Decryption failed. Error: {"timestamp":"2023-05-31 19:20:02"}
info: ACDC list:  {"timestamp":"2023-05-31 19:20:02"}
info: LDC list:  {"timestamp":"2023-05-31 19:20:02"}
info: simon {"timestamp":"2023-05-31 19:20:02"}
info: http://wqw:wq {"timestamp":"2023-05-31 19:20:02"}
info: sadusei {"timestamp":"2023-05-31 19:20:02"}
info: SAasdasdaasW {"timestamp":"2023-05-31 19:20:02"}
info: 3 {"timestamp":"2023-05-31 19:20:02"}
error: Decryption failed. Error: {"timestamp":"2023-05-31 19:20:02"}
error: Decryption failed. Error: {"timestamp":"2023-05-31 19:20:02"}
info: ACDC list:  {"timestamp":"2023-05-31 19:20:02"}
info: LDC list:  {"timestamp":"2023-05-31 19:20:02"}
info: simon {"timestamp":"2023-05-31 19:20:02"}
info: http://qwe:qweq {"timestamp":"2023-05-31 19:20:02"}
info: sadusei {"timestamp":"2023-05-31 19:20:02"}
info: sadasd {"timestamp":"2023-05-31 19:20:02"}
info: 3 {"timestamp":"2023-05-31 19:20:02"}
error: Decryption failed. Error: {"timestamp":"2023-05-31 19:20:02"}
error: Decryption failed. Error: {"timestamp":"2023-05-31 19:20:02"}
info: ACDC list:  {"timestamp":"2023-05-31 19:20:02"}
info: LDC list:  {"timestamp":"2023-05-31 19:20:02"}
info: U2FsdGVkX1/7oLZ+FU0kf4q27HaEf9eKAfHnArDnvS0= {"timestamp":"2023-05-31 19:20:02"}
info: http://10.8.176.115:7002 {"timestamp":"2023-05-31 19:20:02"}
info: sadusei {"timestamp":"2023-05-31 19:20:02"}
info: asdasdfrew {"timestamp":"2023-05-31 19:20:02"}
info: 3 {"timestamp":"2023-05-31 19:20:02"}
info: Decryption successful. Decrypted data: {"timestamp":"2023-05-31 19:20:02"}
info: Decryption successful. Decrypted data: {"timestamp":"2023-05-31 19:20:02"}
info: ACDC list:  {"timestamp":"2023-05-31 19:20:02"}
info: LDC list:  {"timestamp":"2023-05-31 19:20:02"}
info: Task running every 30 minutes {"timestamp":"2023-05-31 19:25:00"}
info: Autom@te202342 {"timestamp":"2023-05-31 19:25:00"}
info: http://10.8.176.115:7002 {"timestamp":"2023-05-31 19:25:00"}
info: automatedw {"timestamp":"2023-05-31 19:25:00"}
info: AWA {"timestamp":"2023-05-31 19:25:00"}
info: 2 {"timestamp":"2023-05-31 19:25:00"}
error: Decryption failed. Error: {"timestamp":"2023-05-31 19:25:00"}
error: Decryption failed. Error: {"timestamp":"2023-05-31 19:25:00"}
info: ACDC list:  {"timestamp":"2023-05-31 19:25:00"}
info: LDC list:  {"timestamp":"2023-05-31 19:25:00"}
info: Autom@te2023 {"timestamp":"2023-05-31 19:25:00"}
info: http://10.8.176.115:7001 {"timestamp":"2023-05-31 19:25:00"}
info: automate {"timestamp":"2023-05-31 19:25:00"}
info: AWA2 {"timestamp":"2023-05-31 19:25:00"}
info: 2 {"timestamp":"2023-05-31 19:25:00"}
error: Decryption failed. Error: {"timestamp":"2023-05-31 19:25:00"}
error: Decryption failed. Error: {"timestamp":"2023-05-31 19:25:00"}
info: ACDC list:  {"timestamp":"2023-05-31 19:25:01"}
info: LDC list:  {"timestamp":"2023-05-31 19:25:01"}
info: sAS {"timestamp":"2023-05-31 19:25:01"}
info: http://10.8.176.115:7001 {"timestamp":"2023-05-31 19:25:01"}
info: aS {"timestamp":"2023-05-31 19:25:01"}
info: asaSa {"timestamp":"2023-05-31 19:25:01"}
info: 3 {"timestamp":"2023-05-31 19:25:01"}
error: Decryption failed. Error: {"timestamp":"2023-05-31 19:25:01"}
error: Decryption failed. Error: {"timestamp":"2023-05-31 19:25:01"}
info: ACDC list:  {"timestamp":"2023-05-31 19:25:01"}
info: LDC list:  {"timestamp":"2023-05-31 19:25:01"}
info: simon {"timestamp":"2023-05-31 19:25:01"}
info: http://10.8.176.115:7001 {"timestamp":"2023-05-31 19:25:01"}
info: simon {"timestamp":"2023-05-31 19:25:01"}
info: ONPREM {"timestamp":"2023-05-31 19:25:01"}
info: 3 {"timestamp":"2023-05-31 19:25:01"}
error: Decryption failed. Error: {"timestamp":"2023-05-31 19:25:01"}
error: Decryption failed. Error: {"timestamp":"2023-05-31 19:25:01"}
info: ACDC list:  {"timestamp":"2023-05-31 19:25:01"}
info: LDC list:  {"timestamp":"2023-05-31 19:25:01"}
info: simon {"timestamp":"2023-05-31 19:25:01"}
info: http://10.8.137.228:7001 {"timestamp":"2023-05-31 19:25:01"}
info: sadusei {"timestamp":"2023-05-31 19:25:01"}
info: MYACDC {"timestamp":"2023-05-31 19:25:01"}
info: 6 {"timestamp":"2023-05-31 19:25:01"}
error: Decryption failed. Error: {"timestamp":"2023-05-31 19:25:01"}
error: Decryption failed. Error: {"timestamp":"2023-05-31 19:25:01"}
info: ACDC list:  {"timestamp":"2023-05-31 19:25:02"}
info: LDC list:  {"timestamp":"2023-05-31 19:25:02"}
info: simon {"timestamp":"2023-05-31 19:25:02"}
info: http://10.8.176.115:7001 {"timestamp":"2023-05-31 19:25:02"}
info: sadusei {"timestamp":"2023-05-31 19:25:02"}
info: dad {"timestamp":"2023-05-31 19:25:02"}
info: 2 {"timestamp":"2023-05-31 19:25:02"}
error: Decryption failed. Error: {"timestamp":"2023-05-31 19:25:02"}
error: Decryption failed. Error: {"timestamp":"2023-05-31 19:25:02"}
info: ACDC list:  {"timestamp":"2023-05-31 19:25:02"}
info: LDC list:  {"timestamp":"2023-05-31 19:25:02"}
info: simon {"timestamp":"2023-05-31 19:25:02"}
info: http://123:455 {"timestamp":"2023-05-31 19:25:02"}
info: sadusei {"timestamp":"2023-05-31 19:25:02"}
info: sdffdsfs {"timestamp":"2023-05-31 19:25:02"}
info: 6 {"timestamp":"2023-05-31 19:25:02"}
error: Decryption failed. Error: {"timestamp":"2023-05-31 19:25:02"}
error: Decryption failed. Error: {"timestamp":"2023-05-31 19:25:02"}
info: ACDC list:  {"timestamp":"2023-05-31 19:25:02"}
info: LDC list:  {"timestamp":"2023-05-31 19:25:02"}
info: simon {"timestamp":"2023-05-31 19:25:02"}
info: http://12312:31312 {"timestamp":"2023-05-31 19:25:02"}
info: sadusei {"timestamp":"2023-05-31 19:25:02"}
info: mywewd {"timestamp":"2023-05-31 19:25:02"}
info: 3 {"timestamp":"2023-05-31 19:25:02"}
error: Decryption failed. Error: {"timestamp":"2023-05-31 19:25:02"}
error: Decryption failed. Error: {"timestamp":"2023-05-31 19:25:02"}
info: ACDC list:  {"timestamp":"2023-05-31 19:25:02"}
info: LDC list:  {"timestamp":"2023-05-31 19:25:02"}
info: simon {"timestamp":"2023-05-31 19:25:02"}
info: http://wqw:wq {"timestamp":"2023-05-31 19:25:02"}
info: sadusei {"timestamp":"2023-05-31 19:25:02"}
info: SAasdasdaasW {"timestamp":"2023-05-31 19:25:02"}
info: 3 {"timestamp":"2023-05-31 19:25:02"}
error: Decryption failed. Error: {"timestamp":"2023-05-31 19:25:02"}
error: Decryption failed. Error: {"timestamp":"2023-05-31 19:25:02"}
info: ACDC list:  {"timestamp":"2023-05-31 19:25:02"}
info: LDC list:  {"timestamp":"2023-05-31 19:25:02"}
info: simon {"timestamp":"2023-05-31 19:25:02"}
info: http://qwe:qweq {"timestamp":"2023-05-31 19:25:02"}
info: sadusei {"timestamp":"2023-05-31 19:25:02"}
info: sadasd {"timestamp":"2023-05-31 19:25:02"}
info: 3 {"timestamp":"2023-05-31 19:25:02"}
error: Decryption failed. Error: {"timestamp":"2023-05-31 19:25:02"}
error: Decryption failed. Error: {"timestamp":"2023-05-31 19:25:02"}
info: ACDC list:  {"timestamp":"2023-05-31 19:25:02"}
info: LDC list:  {"timestamp":"2023-05-31 19:25:02"}
info: U2FsdGVkX1/7oLZ+FU0kf4q27HaEf9eKAfHnArDnvS0= {"timestamp":"2023-05-31 19:25:02"}
info: http://10.8.176.115:7002 {"timestamp":"2023-05-31 19:25:02"}
info: sadusei {"timestamp":"2023-05-31 19:25:02"}
info: asdasdfrew {"timestamp":"2023-05-31 19:25:02"}
info: 3 {"timestamp":"2023-05-31 19:25:02"}
info: Decryption successful. Decrypted data: {"timestamp":"2023-05-31 19:25:02"}
info: Decryption successful. Decrypted data: {"timestamp":"2023-05-31 19:25:02"}
info: ACDC list:  {"timestamp":"2023-05-31 19:25:02"}
info: LDC list:  {"timestamp":"2023-05-31 19:25:03"}
info: Task running every 30 minutes {"timestamp":"2023-05-31 19:30:00"}
info: Autom@te202342 {"timestamp":"2023-05-31 19:30:00"}
info: http://10.8.176.115:7002 {"timestamp":"2023-05-31 19:30:00"}
info: automatedw {"timestamp":"2023-05-31 19:30:00"}
info: AWA {"timestamp":"2023-05-31 19:30:00"}
info: 2 {"timestamp":"2023-05-31 19:30:00"}
error: Decryption failed. Error: {"timestamp":"2023-05-31 19:30:00"}
error: Decryption failed. Error: {"timestamp":"2023-05-31 19:30:00"}
info: ACDC list:  {"timestamp":"2023-05-31 19:30:01"}
info: LDC list:  {"timestamp":"2023-05-31 19:30:01"}
info: Autom@te2023 {"timestamp":"2023-05-31 19:30:01"}
info: http://10.8.176.115:7001 {"timestamp":"2023-05-31 19:30:01"}
info: automate {"timestamp":"2023-05-31 19:30:01"}
info: AWA2 {"timestamp":"2023-05-31 19:30:01"}
info: 2 {"timestamp":"2023-05-31 19:30:01"}
error: Decryption failed. Error: {"timestamp":"2023-05-31 19:30:01"}
error: Decryption failed. Error: {"timestamp":"2023-05-31 19:30:01"}
info: ACDC list:  {"timestamp":"2023-05-31 19:30:01"}
info: LDC list:  {"timestamp":"2023-05-31 19:30:01"}
info: sAS {"timestamp":"2023-05-31 19:30:01"}
info: http://10.8.176.115:7001 {"timestamp":"2023-05-31 19:30:01"}
info: aS {"timestamp":"2023-05-31 19:30:01"}
info: asaSa {"timestamp":"2023-05-31 19:30:01"}
info: 3 {"timestamp":"2023-05-31 19:30:01"}
error: Decryption failed. Error: {"timestamp":"2023-05-31 19:30:01"}
error: Decryption failed. Error: {"timestamp":"2023-05-31 19:30:01"}
info: ACDC list:  {"timestamp":"2023-05-31 19:30:01"}
info: LDC list:  {"timestamp":"2023-05-31 19:30:01"}
info: simon {"timestamp":"2023-05-31 19:30:01"}
info: http://10.8.176.115:7001 {"timestamp":"2023-05-31 19:30:01"}
info: simon {"timestamp":"2023-05-31 19:30:01"}
info: ONPREM {"timestamp":"2023-05-31 19:30:01"}
info: 3 {"timestamp":"2023-05-31 19:30:01"}
error: Decryption failed. Error: {"timestamp":"2023-05-31 19:30:01"}
error: Decryption failed. Error: {"timestamp":"2023-05-31 19:30:01"}
info: ACDC list:  {"timestamp":"2023-05-31 19:30:02"}
info: LDC list:  {"timestamp":"2023-05-31 19:30:02"}
info: simon {"timestamp":"2023-05-31 19:30:02"}
info: http://10.8.137.228:7001 {"timestamp":"2023-05-31 19:30:02"}
info: sadusei {"timestamp":"2023-05-31 19:30:02"}
info: MYACDC {"timestamp":"2023-05-31 19:30:02"}
info: 6 {"timestamp":"2023-05-31 19:30:02"}
error: Decryption failed. Error: {"timestamp":"2023-05-31 19:30:02"}
error: Decryption failed. Error: {"timestamp":"2023-05-31 19:30:02"}
info: ACDC list:  {"timestamp":"2023-05-31 19:30:02"}
info: LDC list:  {"timestamp":"2023-05-31 19:30:02"}
info: simon {"timestamp":"2023-05-31 19:30:02"}
info: http://10.8.176.115:7001 {"timestamp":"2023-05-31 19:30:02"}
info: sadusei {"timestamp":"2023-05-31 19:30:02"}
info: dad {"timestamp":"2023-05-31 19:30:02"}
info: 2 {"timestamp":"2023-05-31 19:30:02"}
error: Decryption failed. Error: {"timestamp":"2023-05-31 19:30:02"}
error: Decryption failed. Error: {"timestamp":"2023-05-31 19:30:02"}
info: ACDC list:  {"timestamp":"2023-05-31 19:30:02"}
info: LDC list:  {"timestamp":"2023-05-31 19:30:02"}
info: simon {"timestamp":"2023-05-31 19:30:02"}
info: http://123:455 {"timestamp":"2023-05-31 19:30:02"}
info: sadusei {"timestamp":"2023-05-31 19:30:02"}
info: sdffdsfs {"timestamp":"2023-05-31 19:30:02"}
info: 6 {"timestamp":"2023-05-31 19:30:02"}
error: Decryption failed. Error: {"timestamp":"2023-05-31 19:30:02"}
error: Decryption failed. Error: {"timestamp":"2023-05-31 19:30:02"}
info: ACDC list:  {"timestamp":"2023-05-31 19:30:02"}
info: LDC list:  {"timestamp":"2023-05-31 19:30:02"}
info: simon {"timestamp":"2023-05-31 19:30:02"}
info: http://12312:31312 {"timestamp":"2023-05-31 19:30:02"}
info: sadusei {"timestamp":"2023-05-31 19:30:02"}
info: mywewd {"timestamp":"2023-05-31 19:30:02"}
info: 3 {"timestamp":"2023-05-31 19:30:02"}
error: Decryption failed. Error: {"timestamp":"2023-05-31 19:30:02"}
error: Decryption failed. Error: {"timestamp":"2023-05-31 19:30:02"}
info: ACDC list:  {"timestamp":"2023-05-31 19:30:02"}
info: LDC list:  {"timestamp":"2023-05-31 19:30:02"}
info: simon {"timestamp":"2023-05-31 19:30:02"}
info: http://wqw:wq {"timestamp":"2023-05-31 19:30:02"}
info: sadusei {"timestamp":"2023-05-31 19:30:02"}
info: SAasdasdaasW {"timestamp":"2023-05-31 19:30:02"}
info: 3 {"timestamp":"2023-05-31 19:30:02"}
error: Decryption failed. Error: {"timestamp":"2023-05-31 19:30:02"}
error: Decryption failed. Error: {"timestamp":"2023-05-31 19:30:02"}
info: ACDC list:  {"timestamp":"2023-05-31 19:30:02"}
info: LDC list:  {"timestamp":"2023-05-31 19:30:02"}
info: simon {"timestamp":"2023-05-31 19:30:02"}
info: http://qwe:qweq {"timestamp":"2023-05-31 19:30:02"}
info: sadusei {"timestamp":"2023-05-31 19:30:02"}
info: sadasd {"timestamp":"2023-05-31 19:30:02"}
info: 3 {"timestamp":"2023-05-31 19:30:02"}
error: Decryption failed. Error: {"timestamp":"2023-05-31 19:30:02"}
error: Decryption failed. Error: {"timestamp":"2023-05-31 19:30:02"}
info: ACDC list:  {"timestamp":"2023-05-31 19:30:02"}
info: LDC list:  {"timestamp":"2023-05-31 19:30:02"}
info: U2FsdGVkX1/7oLZ+FU0kf4q27HaEf9eKAfHnArDnvS0= {"timestamp":"2023-05-31 19:30:02"}
info: http://10.8.176.115:7002 {"timestamp":"2023-05-31 19:30:02"}
info: sadusei {"timestamp":"2023-05-31 19:30:02"}
info: asdasdfrew {"timestamp":"2023-05-31 19:30:02"}
info: 3 {"timestamp":"2023-05-31 19:30:02"}
info: Decryption successful. Decrypted data: {"timestamp":"2023-05-31 19:30:02"}
info: Decryption successful. Decrypted data: {"timestamp":"2023-05-31 19:30:02"}
info: ACDC list:  {"timestamp":"2023-05-31 19:30:03"}
info: LDC list:  {"timestamp":"2023-05-31 19:30:03"}
info: Task running every 30 minutes {"timestamp":"2023-05-31 19:35:00"}
info: Autom@te202342 {"timestamp":"2023-05-31 19:35:00"}
info: http://10.8.176.115:7002 {"timestamp":"2023-05-31 19:35:00"}
info: automatedw {"timestamp":"2023-05-31 19:35:00"}
info: AWA {"timestamp":"2023-05-31 19:35:00"}
info: 2 {"timestamp":"2023-05-31 19:35:00"}
error: Decryption failed. Error: {"timestamp":"2023-05-31 19:35:00"}
error: Decryption failed. Error: {"timestamp":"2023-05-31 19:35:00"}
info: ACDC list:  {"timestamp":"2023-05-31 19:35:00"}
info: LDC list:  {"timestamp":"2023-05-31 19:35:00"}
info: Autom@te2023 {"timestamp":"2023-05-31 19:35:00"}
info: http://10.8.176.115:7001 {"timestamp":"2023-05-31 19:35:00"}
info: automate {"timestamp":"2023-05-31 19:35:00"}
info: AWA2 {"timestamp":"2023-05-31 19:35:00"}
info: 2 {"timestamp":"2023-05-31 19:35:00"}
error: Decryption failed. Error: {"timestamp":"2023-05-31 19:35:00"}
error: Decryption failed. Error: {"timestamp":"2023-05-31 19:35:00"}
info: ACDC list:  {"timestamp":"2023-05-31 19:35:00"}
info: LDC list:  {"timestamp":"2023-05-31 19:35:00"}
info: sAS {"timestamp":"2023-05-31 19:35:00"}
info: http://10.8.176.115:7001 {"timestamp":"2023-05-31 19:35:00"}
info: aS {"timestamp":"2023-05-31 19:35:00"}
info: asaSa {"timestamp":"2023-05-31 19:35:00"}
info: 3 {"timestamp":"2023-05-31 19:35:00"}
error: Decryption failed. Error: {"timestamp":"2023-05-31 19:35:00"}
error: Decryption failed. Error: {"timestamp":"2023-05-31 19:35:00"}
info: ACDC list:  {"timestamp":"2023-05-31 19:35:01"}
info: LDC list:  {"timestamp":"2023-05-31 19:35:01"}
info: simon {"timestamp":"2023-05-31 19:35:01"}
info: http://10.8.176.115:7001 {"timestamp":"2023-05-31 19:35:01"}
info: simon {"timestamp":"2023-05-31 19:35:01"}
info: ONPREM {"timestamp":"2023-05-31 19:35:01"}
info: 3 {"timestamp":"2023-05-31 19:35:01"}
error: Decryption failed. Error: {"timestamp":"2023-05-31 19:35:01"}
error: Decryption failed. Error: {"timestamp":"2023-05-31 19:35:01"}
info: ACDC list:  {"timestamp":"2023-05-31 19:35:01"}
info: LDC list:  {"timestamp":"2023-05-31 19:35:01"}
info: simon {"timestamp":"2023-05-31 19:35:01"}
info: http://10.8.137.228:7001 {"timestamp":"2023-05-31 19:35:01"}
info: sadusei {"timestamp":"2023-05-31 19:35:01"}
info: MYACDC {"timestamp":"2023-05-31 19:35:01"}
info: 6 {"timestamp":"2023-05-31 19:35:01"}
error: Decryption failed. Error: {"timestamp":"2023-05-31 19:35:01"}
error: Decryption failed. Error: {"timestamp":"2023-05-31 19:35:01"}
info: ACDC list:  {"timestamp":"2023-05-31 19:35:01"}
info: LDC list:  {"timestamp":"2023-05-31 19:35:01"}
info: simon {"timestamp":"2023-05-31 19:35:01"}
info: http://10.8.176.115:7001 {"timestamp":"2023-05-31 19:35:01"}
info: sadusei {"timestamp":"2023-05-31 19:35:01"}
info: dad {"timestamp":"2023-05-31 19:35:01"}
info: 2 {"timestamp":"2023-05-31 19:35:01"}
error: Decryption failed. Error: {"timestamp":"2023-05-31 19:35:01"}
error: Decryption failed. Error: {"timestamp":"2023-05-31 19:35:01"}
info: ACDC list:  {"timestamp":"2023-05-31 19:35:02"}
info: LDC list:  {"timestamp":"2023-05-31 19:35:02"}
info: simon {"timestamp":"2023-05-31 19:35:02"}
info: http://123:455 {"timestamp":"2023-05-31 19:35:02"}
info: sadusei {"timestamp":"2023-05-31 19:35:02"}
info: sdffdsfs {"timestamp":"2023-05-31 19:35:02"}
info: 6 {"timestamp":"2023-05-31 19:35:02"}
error: Decryption failed. Error: {"timestamp":"2023-05-31 19:35:02"}
error: Decryption failed. Error: {"timestamp":"2023-05-31 19:35:02"}
info: ACDC list:  {"timestamp":"2023-05-31 19:35:02"}
info: LDC list:  {"timestamp":"2023-05-31 19:35:02"}
info: simon {"timestamp":"2023-05-31 19:35:02"}
info: http://12312:31312 {"timestamp":"2023-05-31 19:35:02"}
info: sadusei {"timestamp":"2023-05-31 19:35:02"}
info: mywewd {"timestamp":"2023-05-31 19:35:02"}
info: 3 {"timestamp":"2023-05-31 19:35:02"}
error: Decryption failed. Error: {"timestamp":"2023-05-31 19:35:02"}
error: Decryption failed. Error: {"timestamp":"2023-05-31 19:35:02"}
info: ACDC list:  {"timestamp":"2023-05-31 19:35:02"}
info: LDC list:  {"timestamp":"2023-05-31 19:35:02"}
info: simon {"timestamp":"2023-05-31 19:35:02"}
info: http://wqw:wq {"timestamp":"2023-05-31 19:35:02"}
info: sadusei {"timestamp":"2023-05-31 19:35:02"}
info: SAasdasdaasW {"timestamp":"2023-05-31 19:35:02"}
info: 3 {"timestamp":"2023-05-31 19:35:02"}
error: Decryption failed. Error: {"timestamp":"2023-05-31 19:35:02"}
error: Decryption failed. Error: {"timestamp":"2023-05-31 19:35:02"}
info: ACDC list:  {"timestamp":"2023-05-31 19:35:03"}
info: LDC list:  {"timestamp":"2023-05-31 19:35:03"}
info: simon {"timestamp":"2023-05-31 19:35:03"}
info: http://qwe:qweq {"timestamp":"2023-05-31 19:35:03"}
info: sadusei {"timestamp":"2023-05-31 19:35:03"}
info: sadasd {"timestamp":"2023-05-31 19:35:03"}
info: 3 {"timestamp":"2023-05-31 19:35:03"}
error: Decryption failed. Error: {"timestamp":"2023-05-31 19:35:03"}
error: Decryption failed. Error: {"timestamp":"2023-05-31 19:35:03"}
info: ACDC list:  {"timestamp":"2023-05-31 19:35:04"}
info: LDC list:  {"timestamp":"2023-05-31 19:35:05"}
info: U2FsdGVkX1/7oLZ+FU0kf4q27HaEf9eKAfHnArDnvS0= {"timestamp":"2023-05-31 19:35:05"}
info: http://10.8.176.115:7002 {"timestamp":"2023-05-31 19:35:05"}
info: sadusei {"timestamp":"2023-05-31 19:35:05"}
info: asdasdfrew {"timestamp":"2023-05-31 19:35:05"}
info: 3 {"timestamp":"2023-05-31 19:35:05"}
info: Decryption successful. Decrypted data: {"timestamp":"2023-05-31 19:35:05"}
info: Decryption successful. Decrypted data: {"timestamp":"2023-05-31 19:35:05"}
info: ACDC list:  {"timestamp":"2023-05-31 19:35:05"}
info: LDC list:  {"timestamp":"2023-05-31 19:35:05"}
info: Task running every 30 minutes {"timestamp":"2023-05-31 19:40:00"}
info: Autom@te202342 {"timestamp":"2023-05-31 19:40:00"}
info: http://10.8.176.115:7002 {"timestamp":"2023-05-31 19:40:00"}
info: automatedw {"timestamp":"2023-05-31 19:40:00"}
info: AWA {"timestamp":"2023-05-31 19:40:00"}
info: 2 {"timestamp":"2023-05-31 19:40:00"}
error: Decryption failed. Error: {"timestamp":"2023-05-31 19:40:00"}
error: Decryption failed. Error: {"timestamp":"2023-05-31 19:40:00"}
info: ACDC list:  {"timestamp":"2023-05-31 19:40:00"}
info: LDC list:  {"timestamp":"2023-05-31 19:40:00"}
info: Autom@te2023 {"timestamp":"2023-05-31 19:40:00"}
info: http://10.8.176.115:7001 {"timestamp":"2023-05-31 19:40:00"}
info: automate {"timestamp":"2023-05-31 19:40:00"}
info: AWA2 {"timestamp":"2023-05-31 19:40:00"}
info: 2 {"timestamp":"2023-05-31 19:40:00"}
error: Decryption failed. Error: {"timestamp":"2023-05-31 19:40:00"}
error: Decryption failed. Error: {"timestamp":"2023-05-31 19:40:00"}
info: ACDC list:  {"timestamp":"2023-05-31 19:40:00"}
info: LDC list:  {"timestamp":"2023-05-31 19:40:01"}
info: sAS {"timestamp":"2023-05-31 19:40:01"}
info: http://10.8.176.115:7001 {"timestamp":"2023-05-31 19:40:01"}
info: aS {"timestamp":"2023-05-31 19:40:01"}
info: asaSa {"timestamp":"2023-05-31 19:40:01"}
info: 3 {"timestamp":"2023-05-31 19:40:01"}
error: Decryption failed. Error: {"timestamp":"2023-05-31 19:40:01"}
error: Decryption failed. Error: {"timestamp":"2023-05-31 19:40:01"}
info: ACDC list:  {"timestamp":"2023-05-31 19:40:01"}
info: LDC list:  {"timestamp":"2023-05-31 19:40:01"}
info: simon {"timestamp":"2023-05-31 19:40:01"}
info: http://10.8.176.115:7001 {"timestamp":"2023-05-31 19:40:01"}
info: simon {"timestamp":"2023-05-31 19:40:01"}
info: ONPREM {"timestamp":"2023-05-31 19:40:01"}
info: 3 {"timestamp":"2023-05-31 19:40:01"}
error: Decryption failed. Error: {"timestamp":"2023-05-31 19:40:01"}
error: Decryption failed. Error: {"timestamp":"2023-05-31 19:40:01"}
info: ACDC list:  {"timestamp":"2023-05-31 19:40:01"}
info: LDC list:  {"timestamp":"2023-05-31 19:40:01"}
info: simon {"timestamp":"2023-05-31 19:40:01"}
info: http://10.8.137.228:7001 {"timestamp":"2023-05-31 19:40:01"}
info: sadusei {"timestamp":"2023-05-31 19:40:01"}
info: MYACDC {"timestamp":"2023-05-31 19:40:01"}
info: 6 {"timestamp":"2023-05-31 19:40:01"}
error: Decryption failed. Error: {"timestamp":"2023-05-31 19:40:01"}
error: Decryption failed. Error: {"timestamp":"2023-05-31 19:40:01"}
info: ACDC list:  {"timestamp":"2023-05-31 19:40:02"}
info: LDC list:  {"timestamp":"2023-05-31 19:40:02"}
info: simon {"timestamp":"2023-05-31 19:40:02"}
info: http://10.8.176.115:7001 {"timestamp":"2023-05-31 19:40:02"}
info: sadusei {"timestamp":"2023-05-31 19:40:02"}
info: dad {"timestamp":"2023-05-31 19:40:02"}
info: 2 {"timestamp":"2023-05-31 19:40:02"}
error: Decryption failed. Error: {"timestamp":"2023-05-31 19:40:02"}
error: Decryption failed. Error: {"timestamp":"2023-05-31 19:40:02"}
info: ACDC list:  {"timestamp":"2023-05-31 19:40:02"}
info: LDC list:  {"timestamp":"2023-05-31 19:40:02"}
info: simon {"timestamp":"2023-05-31 19:40:02"}
info: http://123:455 {"timestamp":"2023-05-31 19:40:02"}
info: sadusei {"timestamp":"2023-05-31 19:40:02"}
info: sdffdsfs {"timestamp":"2023-05-31 19:40:02"}
info: 6 {"timestamp":"2023-05-31 19:40:02"}
error: Decryption failed. Error: {"timestamp":"2023-05-31 19:40:02"}
error: Decryption failed. Error: {"timestamp":"2023-05-31 19:40:02"}
info: ACDC list:  {"timestamp":"2023-05-31 19:40:02"}
info: LDC list:  {"timestamp":"2023-05-31 19:40:02"}
info: simon {"timestamp":"2023-05-31 19:40:02"}
info: http://12312:31312 {"timestamp":"2023-05-31 19:40:02"}
info: sadusei {"timestamp":"2023-05-31 19:40:02"}
info: mywewd {"timestamp":"2023-05-31 19:40:02"}
info: 3 {"timestamp":"2023-05-31 19:40:02"}
error: Decryption failed. Error: {"timestamp":"2023-05-31 19:40:02"}
error: Decryption failed. Error: {"timestamp":"2023-05-31 19:40:02"}
info: ACDC list:  {"timestamp":"2023-05-31 19:40:02"}
info: LDC list:  {"timestamp":"2023-05-31 19:40:02"}
info: simon {"timestamp":"2023-05-31 19:40:02"}
info: http://wqw:wq {"timestamp":"2023-05-31 19:40:02"}
info: sadusei {"timestamp":"2023-05-31 19:40:02"}
info: SAasdasdaasW {"timestamp":"2023-05-31 19:40:02"}
info: 3 {"timestamp":"2023-05-31 19:40:02"}
error: Decryption failed. Error: {"timestamp":"2023-05-31 19:40:02"}
error: Decryption failed. Error: {"timestamp":"2023-05-31 19:40:02"}
info: ACDC list:  {"timestamp":"2023-05-31 19:40:02"}
info: LDC list:  {"timestamp":"2023-05-31 19:40:02"}
info: simon {"timestamp":"2023-05-31 19:40:02"}
info: http://qwe:qweq {"timestamp":"2023-05-31 19:40:02"}
info: sadusei {"timestamp":"2023-05-31 19:40:02"}
info: sadasd {"timestamp":"2023-05-31 19:40:02"}
info: 3 {"timestamp":"2023-05-31 19:40:02"}
error: Decryption failed. Error: {"timestamp":"2023-05-31 19:40:02"}
error: Decryption failed. Error: {"timestamp":"2023-05-31 19:40:02"}
info: ACDC list:  {"timestamp":"2023-05-31 19:40:02"}
info: LDC list:  {"timestamp":"2023-05-31 19:40:02"}
info: U2FsdGVkX1/7oLZ+FU0kf4q27HaEf9eKAfHnArDnvS0= {"timestamp":"2023-05-31 19:40:02"}
info: http://10.8.176.115:7002 {"timestamp":"2023-05-31 19:40:02"}
info: sadusei {"timestamp":"2023-05-31 19:40:02"}
info: asdasdfrew {"timestamp":"2023-05-31 19:40:02"}
info: 3 {"timestamp":"2023-05-31 19:40:02"}
info: Decryption successful. Decrypted data: {"timestamp":"2023-05-31 19:40:02"}
info: Decryption successful. Decrypted data: {"timestamp":"2023-05-31 19:40:02"}
info: ACDC list:  {"timestamp":"2023-05-31 19:40:02"}
info: LDC list:  {"timestamp":"2023-05-31 19:40:02"}
info: Task running every 30 minutes {"timestamp":"2023-05-31 19:45:00"}
info: Autom@te202342 {"timestamp":"2023-05-31 19:45:00"}
info: http://10.8.176.115:7002 {"timestamp":"2023-05-31 19:45:00"}
info: automatedw {"timestamp":"2023-05-31 19:45:00"}
info: AWA {"timestamp":"2023-05-31 19:45:00"}
info: 2 {"timestamp":"2023-05-31 19:45:00"}
error: Decryption failed. Error: {"timestamp":"2023-05-31 19:45:00"}
error: Decryption failed. Error: {"timestamp":"2023-05-31 19:45:00"}
info: ACDC list:  {"timestamp":"2023-05-31 19:45:00"}
info: LDC list:  {"timestamp":"2023-05-31 19:45:01"}
info: Autom@te2023 {"timestamp":"2023-05-31 19:45:01"}
info: http://10.8.176.115:7001 {"timestamp":"2023-05-31 19:45:01"}
info: automate {"timestamp":"2023-05-31 19:45:01"}
info: AWA2 {"timestamp":"2023-05-31 19:45:01"}
info: 2 {"timestamp":"2023-05-31 19:45:01"}
error: Decryption failed. Error: {"timestamp":"2023-05-31 19:45:01"}
error: Decryption failed. Error: {"timestamp":"2023-05-31 19:45:01"}
info: ACDC list:  {"timestamp":"2023-05-31 19:45:01"}
info: LDC list:  {"timestamp":"2023-05-31 19:45:01"}
info: sAS {"timestamp":"2023-05-31 19:45:01"}
info: http://10.8.176.115:7001 {"timestamp":"2023-05-31 19:45:01"}
info: aS {"timestamp":"2023-05-31 19:45:01"}
info: asaSa {"timestamp":"2023-05-31 19:45:01"}
info: 3 {"timestamp":"2023-05-31 19:45:01"}
error: Decryption failed. Error: {"timestamp":"2023-05-31 19:45:01"}
error: Decryption failed. Error: {"timestamp":"2023-05-31 19:45:01"}
info: ACDC list:  {"timestamp":"2023-05-31 19:45:01"}
info: LDC list:  {"timestamp":"2023-05-31 19:45:01"}
info: simon {"timestamp":"2023-05-31 19:45:01"}
info: http://10.8.176.115:7001 {"timestamp":"2023-05-31 19:45:01"}
info: simon {"timestamp":"2023-05-31 19:45:01"}
info: ONPREM {"timestamp":"2023-05-31 19:45:01"}
info: 3 {"timestamp":"2023-05-31 19:45:01"}
error: Decryption failed. Error: {"timestamp":"2023-05-31 19:45:01"}
error: Decryption failed. Error: {"timestamp":"2023-05-31 19:45:01"}
info: ACDC list:  {"timestamp":"2023-05-31 19:45:02"}
info: LDC list:  {"timestamp":"2023-05-31 19:45:02"}
info: simon {"timestamp":"2023-05-31 19:45:02"}
info: http://10.8.137.228:7001 {"timestamp":"2023-05-31 19:45:02"}
info: sadusei {"timestamp":"2023-05-31 19:45:02"}
info: MYACDC {"timestamp":"2023-05-31 19:45:02"}
info: 6 {"timestamp":"2023-05-31 19:45:02"}
error: Decryption failed. Error: {"timestamp":"2023-05-31 19:45:02"}
error: Decryption failed. Error: {"timestamp":"2023-05-31 19:45:02"}
info: ACDC list:  {"timestamp":"2023-05-31 19:45:02"}
info: LDC list:  {"timestamp":"2023-05-31 19:45:02"}
info: simon {"timestamp":"2023-05-31 19:45:02"}
info: http://10.8.176.115:7001 {"timestamp":"2023-05-31 19:45:02"}
info: sadusei {"timestamp":"2023-05-31 19:45:02"}
info: dad {"timestamp":"2023-05-31 19:45:02"}
info: 2 {"timestamp":"2023-05-31 19:45:02"}
error: Decryption failed. Error: {"timestamp":"2023-05-31 19:45:02"}
error: Decryption failed. Error: {"timestamp":"2023-05-31 19:45:02"}
info: ACDC list:  {"timestamp":"2023-05-31 19:45:02"}
info: LDC list:  {"timestamp":"2023-05-31 19:45:03"}
info: simon {"timestamp":"2023-05-31 19:45:03"}
info: http://123:455 {"timestamp":"2023-05-31 19:45:03"}
info: sadusei {"timestamp":"2023-05-31 19:45:03"}
info: sdffdsfs {"timestamp":"2023-05-31 19:45:03"}
info: 6 {"timestamp":"2023-05-31 19:45:03"}
error: Decryption failed. Error: {"timestamp":"2023-05-31 19:45:03"}
error: Decryption failed. Error: {"timestamp":"2023-05-31 19:45:03"}
info: ACDC list:  {"timestamp":"2023-05-31 19:45:03"}
info: LDC list:  {"timestamp":"2023-05-31 19:45:03"}
info: simon {"timestamp":"2023-05-31 19:45:03"}
info: http://12312:31312 {"timestamp":"2023-05-31 19:45:03"}
info: sadusei {"timestamp":"2023-05-31 19:45:03"}
info: mywewd {"timestamp":"2023-05-31 19:45:03"}
info: 3 {"timestamp":"2023-05-31 19:45:03"}
error: Decryption failed. Error: {"timestamp":"2023-05-31 19:45:03"}
error: Decryption failed. Error: {"timestamp":"2023-05-31 19:45:03"}
info: ACDC list:  {"timestamp":"2023-05-31 19:45:03"}
info: LDC list:  {"timestamp":"2023-05-31 19:45:03"}
info: simon {"timestamp":"2023-05-31 19:45:03"}
info: http://wqw:wq {"timestamp":"2023-05-31 19:45:03"}
info: sadusei {"timestamp":"2023-05-31 19:45:03"}
info: SAasdasdaasW {"timestamp":"2023-05-31 19:45:03"}
info: 3 {"timestamp":"2023-05-31 19:45:03"}
error: Decryption failed. Error: {"timestamp":"2023-05-31 19:45:03"}
error: Decryption failed. Error: {"timestamp":"2023-05-31 19:45:03"}
info: ACDC list:  {"timestamp":"2023-05-31 19:45:03"}
info: LDC list:  {"timestamp":"2023-05-31 19:45:03"}
info: simon {"timestamp":"2023-05-31 19:45:03"}
info: http://qwe:qweq {"timestamp":"2023-05-31 19:45:03"}
info: sadusei {"timestamp":"2023-05-31 19:45:03"}
info: sadasd {"timestamp":"2023-05-31 19:45:03"}
info: 3 {"timestamp":"2023-05-31 19:45:03"}
error: Decryption failed. Error: {"timestamp":"2023-05-31 19:45:03"}
error: Decryption failed. Error: {"timestamp":"2023-05-31 19:45:03"}
info: ACDC list:  {"timestamp":"2023-05-31 19:45:03"}
info: LDC list:  {"timestamp":"2023-05-31 19:45:03"}
info: U2FsdGVkX1/7oLZ+FU0kf4q27HaEf9eKAfHnArDnvS0= {"timestamp":"2023-05-31 19:45:03"}
info: http://10.8.176.115:7002 {"timestamp":"2023-05-31 19:45:03"}
info: sadusei {"timestamp":"2023-05-31 19:45:03"}
info: asdasdfrew {"timestamp":"2023-05-31 19:45:03"}
info: 3 {"timestamp":"2023-05-31 19:45:03"}
info: Decryption successful. Decrypted data: {"timestamp":"2023-05-31 19:45:03"}
info: Decryption successful. Decrypted data: {"timestamp":"2023-05-31 19:45:03"}
info: ACDC list:  {"timestamp":"2023-05-31 19:45:03"}
info: LDC list:  {"timestamp":"2023-05-31 19:45:03"}
info: Task running every 30 minutes {"timestamp":"2023-05-31 19:50:00"}
info: Autom@te202342 {"timestamp":"2023-05-31 19:50:00"}
info: http://10.8.176.115:7002 {"timestamp":"2023-05-31 19:50:00"}
info: automatedw {"timestamp":"2023-05-31 19:50:00"}
info: AWA {"timestamp":"2023-05-31 19:50:00"}
info: 2 {"timestamp":"2023-05-31 19:50:00"}
error: Decryption failed. Error: {"timestamp":"2023-05-31 19:50:00"}
error: Decryption failed. Error: {"timestamp":"2023-05-31 19:50:00"}
info: ACDC list:  {"timestamp":"2023-05-31 19:51:15"}
info: LDC list:  {"timestamp":"2023-05-31 19:52:30"}
info: Autom@te2023 {"timestamp":"2023-05-31 19:52:30"}
info: http://10.8.176.115:7001 {"timestamp":"2023-05-31 19:52:30"}
info: automate {"timestamp":"2023-05-31 19:52:30"}
info: AWA2 {"timestamp":"2023-05-31 19:52:30"}
info: 2 {"timestamp":"2023-05-31 19:52:30"}
error: Decryption failed. Error: {"timestamp":"2023-05-31 19:52:30"}
error: Decryption failed. Error: {"timestamp":"2023-05-31 19:52:30"}
info: ACDC list:  {"timestamp":"2023-05-31 19:53:45"}
info: LDC list:  {"timestamp":"2023-05-31 19:55:00"}
info: sAS {"timestamp":"2023-05-31 19:55:00"}
info: http://10.8.176.115:7001 {"timestamp":"2023-05-31 19:55:00"}
info: aS {"timestamp":"2023-05-31 19:55:00"}
info: asaSa {"timestamp":"2023-05-31 19:55:00"}
info: 3 {"timestamp":"2023-05-31 19:55:00"}
error: Decryption failed. Error: {"timestamp":"2023-05-31 19:55:00"}
error: Decryption failed. Error: {"timestamp":"2023-05-31 19:55:00"}
info: Task running every 30 minutes {"timestamp":"2023-05-31 19:55:00"}
info: Autom@te202342 {"timestamp":"2023-05-31 19:55:00"}
info: http://10.8.176.115:7002 {"timestamp":"2023-05-31 19:55:00"}
info: automatedw {"timestamp":"2023-05-31 19:55:00"}
info: AWA {"timestamp":"2023-05-31 19:55:00"}
info: 2 {"timestamp":"2023-05-31 19:55:00"}
error: Decryption failed. Error: {"timestamp":"2023-05-31 19:55:00"}
error: Decryption failed. Error: {"timestamp":"2023-05-31 19:55:00"}
info: ACDC list:  {"timestamp":"2023-05-31 19:56:15"}
info: ACDC list:  {"timestamp":"2023-05-31 19:56:15"}
info: LDC list:  {"timestamp":"2023-05-31 19:57:30"}
info: simon {"timestamp":"2023-05-31 19:57:30"}
info: http://10.8.176.115:7001 {"timestamp":"2023-05-31 19:57:30"}
info: simon {"timestamp":"2023-05-31 19:57:30"}
info: ONPREM {"timestamp":"2023-05-31 19:57:30"}
info: 3 {"timestamp":"2023-05-31 19:57:30"}
error: Decryption failed. Error: {"timestamp":"2023-05-31 19:57:30"}
error: Decryption failed. Error: {"timestamp":"2023-05-31 19:57:30"}
info: LDC list:  {"timestamp":"2023-05-31 19:57:30"}
info: Autom@te2023 {"timestamp":"2023-05-31 19:57:30"}
info: http://10.8.176.115:7001 {"timestamp":"2023-05-31 19:57:30"}
info: automate {"timestamp":"2023-05-31 19:57:30"}
info: AWA2 {"timestamp":"2023-05-31 19:57:30"}
info: 2 {"timestamp":"2023-05-31 19:57:30"}
error: Decryption failed. Error: {"timestamp":"2023-05-31 19:57:30"}
error: Decryption failed. Error: {"timestamp":"2023-05-31 19:57:30"}
info: ACDC list:  {"timestamp":"2023-05-31 19:58:45"}
info: ACDC list:  {"timestamp":"2023-05-31 19:58:45"}
info: LDC list:  {"timestamp":"2023-05-31 20:00:00"}
info: simon {"timestamp":"2023-05-31 20:00:00"}
info: http://10.8.137.228:7001 {"timestamp":"2023-05-31 20:00:00"}
info: sadusei {"timestamp":"2023-05-31 20:00:00"}
info: MYACDC {"timestamp":"2023-05-31 20:00:00"}
info: 6 {"timestamp":"2023-05-31 20:00:00"}
error: Decryption failed. Error: {"timestamp":"2023-05-31 20:00:00"}
error: Decryption failed. Error: {"timestamp":"2023-05-31 20:00:00"}
info: LDC list:  {"timestamp":"2023-05-31 20:00:00"}
info: sAS {"timestamp":"2023-05-31 20:00:00"}
info: http://10.8.176.115:7001 {"timestamp":"2023-05-31 20:00:00"}
info: aS {"timestamp":"2023-05-31 20:00:00"}
info: asaSa {"timestamp":"2023-05-31 20:00:00"}
info: 3 {"timestamp":"2023-05-31 20:00:00"}
error: Decryption failed. Error: {"timestamp":"2023-05-31 20:00:00"}
error: Decryption failed. Error: {"timestamp":"2023-05-31 20:00:00"}
info: Task running every 30 minutes {"timestamp":"2023-05-31 20:00:00"}
info: Autom@te202342 {"timestamp":"2023-05-31 20:00:00"}
info: http://10.8.176.115:7002 {"timestamp":"2023-05-31 20:00:00"}
info: automatedw {"timestamp":"2023-05-31 20:00:00"}
info: AWA {"timestamp":"2023-05-31 20:00:00"}
info: 2 {"timestamp":"2023-05-31 20:00:00"}
error: Decryption failed. Error: {"timestamp":"2023-05-31 20:00:00"}
error: Decryption failed. Error: {"timestamp":"2023-05-31 20:00:00"}
info: ACDC list:  {"timestamp":"2023-05-31 20:01:15"}
info: ACDC list:  {"timestamp":"2023-05-31 20:01:15"}
info: ACDC list:  {"timestamp":"2023-05-31 20:01:15"}
info: LDC list:  {"timestamp":"2023-05-31 20:02:30"}
info: simon {"timestamp":"2023-05-31 20:02:30"}
info: http://10.8.176.115:7001 {"timestamp":"2023-05-31 20:02:30"}
info: sadusei {"timestamp":"2023-05-31 20:02:30"}
info: dad {"timestamp":"2023-05-31 20:02:30"}
info: 2 {"timestamp":"2023-05-31 20:02:30"}
error: Decryption failed. Error: {"timestamp":"2023-05-31 20:02:30"}
error: Decryption failed. Error: {"timestamp":"2023-05-31 20:02:30"}
info: LDC list:  {"timestamp":"2023-05-31 20:02:30"}
info: simon {"timestamp":"2023-05-31 20:02:30"}
info: http://10.8.176.115:7001 {"timestamp":"2023-05-31 20:02:30"}
info: simon {"timestamp":"2023-05-31 20:02:30"}
info: ONPREM {"timestamp":"2023-05-31 20:02:30"}
info: 3 {"timestamp":"2023-05-31 20:02:30"}
error: Decryption failed. Error: {"timestamp":"2023-05-31 20:02:30"}
error: Decryption failed. Error: {"timestamp":"2023-05-31 20:02:30"}
info: LDC list:  {"timestamp":"2023-05-31 20:02:30"}
info: Autom@te2023 {"timestamp":"2023-05-31 20:02:30"}
info: http://10.8.176.115:7001 {"timestamp":"2023-05-31 20:02:30"}
info: automate {"timestamp":"2023-05-31 20:02:30"}
info: AWA2 {"timestamp":"2023-05-31 20:02:30"}
info: 2 {"timestamp":"2023-05-31 20:02:30"}
error: Decryption failed. Error: {"timestamp":"2023-05-31 20:02:30"}
error: Decryption failed. Error: {"timestamp":"2023-05-31 20:02:30"}
info: ACDC list:  {"timestamp":"2023-05-31 20:03:45"}
info: ACDC list:  {"timestamp":"2023-05-31 20:03:45"}
info: ACDC list:  {"timestamp":"2023-05-31 20:03:45"}
info: LDC list:  {"timestamp":"2023-05-31 20:05:00"}
info: simon {"timestamp":"2023-05-31 20:05:00"}
info: http://123:455 {"timestamp":"2023-05-31 20:05:00"}
info: sadusei {"timestamp":"2023-05-31 20:05:00"}
info: sdffdsfs {"timestamp":"2023-05-31 20:05:00"}
info: 6 {"timestamp":"2023-05-31 20:05:00"}
error: Decryption failed. Error: {"timestamp":"2023-05-31 20:05:00"}
error: Decryption failed. Error: {"timestamp":"2023-05-31 20:05:00"}
info: ACDC list:  {"timestamp":"2023-05-31 20:05:00"}
info: LDC list:  {"timestamp":"2023-05-31 20:05:00"}
info: simon {"timestamp":"2023-05-31 20:05:00"}
info: http://12312:31312 {"timestamp":"2023-05-31 20:05:00"}
info: sadusei {"timestamp":"2023-05-31 20:05:00"}
info: mywewd {"timestamp":"2023-05-31 20:05:00"}
info: 3 {"timestamp":"2023-05-31 20:05:00"}
error: Decryption failed. Error: {"timestamp":"2023-05-31 20:05:00"}
error: Decryption failed. Error: {"timestamp":"2023-05-31 20:05:00"}
info: ACDC list:  {"timestamp":"2023-05-31 20:05:00"}
info: LDC list:  {"timestamp":"2023-05-31 20:05:00"}
info: simon {"timestamp":"2023-05-31 20:05:00"}
info: http://wqw:wq {"timestamp":"2023-05-31 20:05:00"}
info: sadusei {"timestamp":"2023-05-31 20:05:00"}
info: SAasdasdaasW {"timestamp":"2023-05-31 20:05:00"}
info: 3 {"timestamp":"2023-05-31 20:05:00"}
error: Decryption failed. Error: {"timestamp":"2023-05-31 20:05:00"}
error: Decryption failed. Error: {"timestamp":"2023-05-31 20:05:00"}
info: ACDC list:  {"timestamp":"2023-05-31 20:05:00"}
info: LDC list:  {"timestamp":"2023-05-31 20:05:00"}
info: simon {"timestamp":"2023-05-31 20:05:00"}
info: http://qwe:qweq {"timestamp":"2023-05-31 20:05:00"}
info: sadusei {"timestamp":"2023-05-31 20:05:00"}
info: sadasd {"timestamp":"2023-05-31 20:05:00"}
info: 3 {"timestamp":"2023-05-31 20:05:00"}
error: Decryption failed. Error: {"timestamp":"2023-05-31 20:05:00"}
error: Decryption failed. Error: {"timestamp":"2023-05-31 20:05:00"}
info: LDC list:  {"timestamp":"2023-05-31 20:05:00"}
info: simon {"timestamp":"2023-05-31 20:05:00"}
info: http://10.8.137.228:7001 {"timestamp":"2023-05-31 20:05:00"}
info: sadusei {"timestamp":"2023-05-31 20:05:00"}
info: MYACDC {"timestamp":"2023-05-31 20:05:00"}
info: 6 {"timestamp":"2023-05-31 20:05:00"}
error: Decryption failed. Error: {"timestamp":"2023-05-31 20:05:00"}
error: Decryption failed. Error: {"timestamp":"2023-05-31 20:05:00"}
info: ACDC list:  {"timestamp":"2023-05-31 20:05:00"}
info: LDC list:  {"timestamp":"2023-05-31 20:05:00"}
info: U2FsdGVkX1/7oLZ+FU0kf4q27HaEf9eKAfHnArDnvS0= {"timestamp":"2023-05-31 20:05:00"}
info: http://10.8.176.115:7002 {"timestamp":"2023-05-31 20:05:00"}
info: sadusei {"timestamp":"2023-05-31 20:05:00"}
info: asdasdfrew {"timestamp":"2023-05-31 20:05:00"}
info: 3 {"timestamp":"2023-05-31 20:05:00"}
info: Decryption successful. Decrypted data: {"timestamp":"2023-05-31 20:05:00"}
info: Decryption successful. Decrypted data: {"timestamp":"2023-05-31 20:05:00"}
info: LDC list:  {"timestamp":"2023-05-31 20:05:00"}
info: sAS {"timestamp":"2023-05-31 20:05:00"}
info: http://10.8.176.115:7001 {"timestamp":"2023-05-31 20:05:00"}
info: aS {"timestamp":"2023-05-31 20:05:00"}
info: asaSa {"timestamp":"2023-05-31 20:05:00"}
info: 3 {"timestamp":"2023-05-31 20:05:00"}
error: Decryption failed. Error: {"timestamp":"2023-05-31 20:05:00"}
error: Decryption failed. Error: {"timestamp":"2023-05-31 20:05:00"}
info: Task running every 30 minutes {"timestamp":"2023-05-31 20:05:00"}
info: Autom@te202342 {"timestamp":"2023-05-31 20:05:00"}
info: http://10.8.176.115:7002 {"timestamp":"2023-05-31 20:05:00"}
info: automatedw {"timestamp":"2023-05-31 20:05:00"}
info: AWA {"timestamp":"2023-05-31 20:05:00"}
info: 2 {"timestamp":"2023-05-31 20:05:00"}
error: Decryption failed. Error: {"timestamp":"2023-05-31 20:05:00"}
error: Decryption failed. Error: {"timestamp":"2023-05-31 20:05:00"}
info: ACDC list:  {"timestamp":"2023-05-31 20:06:15"}
info: ACDC list:  {"timestamp":"2023-05-31 20:06:15"}
info: ACDC list:  {"timestamp":"2023-05-31 20:06:15"}
info: ACDC list:  {"timestamp":"2023-05-31 20:06:15"}
info: LDC list:  {"timestamp":"2023-05-31 20:07:30"}
info: simon {"timestamp":"2023-05-31 20:07:30"}
info: http://10.8.176.115:7001 {"timestamp":"2023-05-31 20:07:30"}
info: sadusei {"timestamp":"2023-05-31 20:07:30"}
info: dad {"timestamp":"2023-05-31 20:07:30"}
info: 2 {"timestamp":"2023-05-31 20:07:30"}
error: Decryption failed. Error: {"timestamp":"2023-05-31 20:07:30"}
error: Decryption failed. Error: {"timestamp":"2023-05-31 20:07:30"}
info: LDC list:  {"timestamp":"2023-05-31 20:07:30"}
info: LDC list:  {"timestamp":"2023-05-31 20:07:30"}
info: simon {"timestamp":"2023-05-31 20:07:30"}
info: http://10.8.176.115:7001 {"timestamp":"2023-05-31 20:07:30"}
info: simon {"timestamp":"2023-05-31 20:07:30"}
info: ONPREM {"timestamp":"2023-05-31 20:07:30"}
info: 3 {"timestamp":"2023-05-31 20:07:30"}
error: Decryption failed. Error: {"timestamp":"2023-05-31 20:07:30"}
error: Decryption failed. Error: {"timestamp":"2023-05-31 20:07:30"}
info: LDC list:  {"timestamp":"2023-05-31 20:07:30"}
info: Autom@te2023 {"timestamp":"2023-05-31 20:07:30"}
info: http://10.8.176.115:7001 {"timestamp":"2023-05-31 20:07:30"}
info: automate {"timestamp":"2023-05-31 20:07:30"}
info: AWA2 {"timestamp":"2023-05-31 20:07:30"}
info: 2 {"timestamp":"2023-05-31 20:07:30"}
error: Decryption failed. Error: {"timestamp":"2023-05-31 20:07:30"}
error: Decryption failed. Error: {"timestamp":"2023-05-31 20:07:30"}
